have_header: checking for QtQuick/QQuickView... -------------------- no

"gcc-4.2 -o conftest -I/Users/seanchas116/.rbenv/versions/2.1.1/include/ruby-2.1.0/x86_64-darwin13.0 -I/Users/seanchas116/.rbenv/versions/2.1.1/include/ruby-2.1.0/ruby/backward -I/Users/seanchas116/.rbenv/versions/2.1.1/include/ruby-2.1.0 -I. -I/usr/local/Cellar/qt5/5.2.1/include -I/Users/seanchas116/.rbenv/versions/2.1.1/include  -D_XOPEN_SOURCE -D_DARWIN_C_SOURCE -D_DARWIN_UNLIMITED_SELECT -D_REENTRANT   -I/usr/local/Cellar/qt5/5.2.1/include  -O3 -Wno-error=shorten-64-to-32  -pipe -I/usr/local/Cellar/qt5/5.2.1/include conftest.c  -L. -L/Users/seanchas116/.rbenv/versions/2.1.1/lib -L/usr/local/Cellar/qt5/5.2.1/lib -L. -L/Users/seanchas116/.rbenv/versions/2.1.1/lib -L/usr/local/lib  -fstack-protector -L/usr/local/Cellar/qt5/5.2.1/lib     -lruby-static -framework CoreFoundation  -lpthread -lgmp -ldl -lobjc "
checked program was:
/* begin */
1: #include "ruby.h"
2: 
3: int main(int argc, char **argv)
4: {
5:   return 0;
6: }
/* end */

"gcc-4.2 -E -I/Users/seanchas116/.rbenv/versions/2.1.1/include/ruby-2.1.0/x86_64-darwin13.0 -I/Users/seanchas116/.rbenv/versions/2.1.1/include/ruby-2.1.0/ruby/backward -I/Users/seanchas116/.rbenv/versions/2.1.1/include/ruby-2.1.0 -I. -I/usr/local/Cellar/qt5/5.2.1/include -I/Users/seanchas116/.rbenv/versions/2.1.1/include  -D_XOPEN_SOURCE -D_DARWIN_C_SOURCE -D_DARWIN_UNLIMITED_SELECT -D_REENTRANT   -I/usr/local/Cellar/qt5/5.2.1/include  -O3 -Wno-error=shorten-64-to-32  -pipe -I/usr/local/Cellar/qt5/5.2.1/include  conftest.c -o conftest.i"
In file included from /usr/local/Cellar/qt5/5.2.1/include/QtCore/qmetatype.h:48,
                 from /usr/local/Cellar/qt5/5.2.1/include/QtQuick/qquickwindow.h:46,
                 from /usr/local/Cellar/qt5/5.2.1/include/QtQuick/qquickview.h:45,
                 from /usr/local/Cellar/qt5/5.2.1/include/QtQuick/QQuickView:1,
                 from conftest.c:3:
/usr/local/Cellar/qt5/5.2.1/include/QtCore/qvarlengtharray.h:49:15: error: new: No such file or directory
/usr/local/Cellar/qt5/5.2.1/include/QtCore/qvarlengtharray.h:52:21: error: algorithm: No such file or directory
In file included from /usr/local/Cellar/qt5/5.2.1/include/QtCore/qisenum.h:60,
                 from /usr/local/Cellar/qt5/5.2.1/include/QtCore/qmetatype.h:49,
                 from /usr/local/Cellar/qt5/5.2.1/include/QtQuick/qquickwindow.h:46,
                 from /usr/local/Cellar/qt5/5.2.1/include/QtQuick/qquickview.h:45,
                 from /usr/local/Cellar/qt5/5.2.1/include/QtQuick/QQuickView:1,
                 from conftest.c:3:
/usr/local/Cellar/qt5/5.2.1/include/QtCore/qtypetraits.h:110:48: error: utility: No such file or directory
In file included from /usr/local/Cellar/qt5/5.2.1/include/QtQuick/qquickwindow.h:46,
                 from /usr/local/Cellar/qt5/5.2.1/include/QtQuick/qquickview.h:45,
                 from /usr/local/Cellar/qt5/5.2.1/include/QtQuick/QQuickView:1,
                 from conftest.c:3:
/usr/local/Cellar/qt5/5.2.1/include/QtCore/qmetatype.h:56:18: error: vector: No such file or directory
/usr/local/Cellar/qt5/5.2.1/include/QtCore/qmetatype.h:57:16: error: list: No such file or directory
/usr/local/Cellar/qt5/5.2.1/include/QtCore/qmetatype.h:58:15: error: map: No such file or directory
In file included from /usr/local/Cellar/qt5/5.2.1/include/QtCore/qobject.h:49,
                 from /usr/local/Cellar/qt5/5.2.1/include/QtCore/QObject:1,
                 from /usr/local/Cellar/qt5/5.2.1/include/QtGui/qwindow.h:45,
                 from /usr/local/Cellar/qt5/5.2.1/include/QtQuick/qquickwindow.h:48,
                 from /usr/local/Cellar/qt5/5.2.1/include/QtQuick/qquickview.h:45,
                 from /usr/local/Cellar/qt5/5.2.1/include/QtQuick/QQuickView:1,
                 from conftest.c:3:
/usr/local/Cellar/qt5/5.2.1/include/QtCore/qstring.h:50:18: error: string: No such file or directory
/usr/local/Cellar/qt5/5.2.1/include/QtCore/qstring.h:305:53: error: macro "vsprintf" requires 3 arguments, but only 2 given
In file included from /usr/local/Cellar/qt5/5.2.1/include/QtCore/qobject.h:51,
                 from /usr/local/Cellar/qt5/5.2.1/include/QtCore/QObject:1,
                 from /usr/local/Cellar/qt5/5.2.1/include/QtGui/qwindow.h:45,
                 from /usr/local/Cellar/qt5/5.2.1/include/QtQuick/qquickwindow.h:48,
                 from /usr/local/Cellar/qt5/5.2.1/include/QtQuick/qquickview.h:45,
                 from /usr/local/Cellar/qt5/5.2.1/include/QtQuick/QQuickView:1,
                 from conftest.c:3:
/usr/local/Cellar/qt5/5.2.1/include/QtCore/qlist.h:49:20: error: iterator: No such file or directory
checked program was:
/* begin */
1: #include "ruby.h"
2: 
3: #include <QtQuick/QQuickView>
/* end */

--------------------

